-- Found ament_cmake: 1.3.11 (/opt/ros/humble/share/ament_cmake/cmake)
-- Override CMake install command with custom implementation using symlinks instead of copying resources
-- Found rclpy: 3.3.16 (/opt/ros/humble/share/rclpy/cmake)
-- Found sensor_msgs: 4.9.0 (/opt/ros/humble/share/sensor_msgs/cmake)
-- Found rosidl_generator_c: 3.1.6 (/opt/ros/humble/share/rosidl_generator_c/cmake)
-- Found rosidl_adapter: 3.1.6 (/opt/ros/humble/share/rosidl_adapter/cmake)
-- Found rosidl_generator_cpp: 3.1.6 (/opt/ros/humble/share/rosidl_generator_cpp/cmake)
-- Using all available rosidl_typesupport_c: rosidl_typesupport_fastrtps_c;rosidl_typesupport_introspection_c
-- Using all available rosidl_typesupport_cpp: rosidl_typesupport_fastrtps_cpp;rosidl_typesupport_introspection_cpp
-- Found camera_info_manager: 3.1.12 (/opt/ros/humble/share/camera_info_manager/cmake)
-- Found rmw_implementation_cmake: 6.1.2 (/opt/ros/humble/share/rmw_implementation_cmake/cmake)
-- Found rmw_cyclonedds_cpp: 1.3.4 (/opt/ros/humble/share/rmw_cyclonedds_cpp/cmake)
-- Using RMW implementation 'rmw_cyclonedds_cpp' as default
-- Looking for pthread.h
-- Looking for pthread.h - found
-- Performing Test CMAKE_HAVE_LIBC_PTHREAD
-- Performing Test CMAKE_HAVE_LIBC_PTHREAD - Success
-- Found Threads: TRUE  
-- Found cv_bridge: 3.2.1 (/opt/ros/humble/share/cv_bridge/cmake)
-- Found image_transport: 3.1.12 (/opt/ros/humble/share/image_transport/cmake)
-- Found OpenCV: /usr (found version "4.5.4") 
-- Found ament_lint_auto: 0.12.12 (/opt/ros/humble/share/ament_lint_auto/cmake)
-- Added test 'copyright' to check source files copyright and LICENSE
-- Added test 'cppcheck' to perform static code analysis on C / C++ code
-- Configured cppcheck include dirs: 
-- Configured cppcheck exclude dirs and/or files: 
-- Added test 'cpplint' to check C / C++ code against the Google style
-- Configured cpplint exclude dirs and/or files: 
-- Added test 'flake8' to check Python code syntax and style conventions
-- Added test 'lint_cmake' to check CMake code style
-- Added test 'pep257' to check Python code against some of the docstring style conventions in PEP 257
-- Added test 'uncrustify' to check C / C++ code style
-- Configured uncrustify additional arguments: 
-- Added test 'xmllint' to check XML markup files
-- Configuring done
-- Generating done
-- Build files have been written to: /home/tanner/dev_ws/src/roomba_bot/build/roomba_bot
-- Install configuration: ""
-- Execute custom install script
-- Up-to-date symlink: /home/tanner/dev_ws/src/roomba_bot/install/roomba_bot/share/roomba_bot/config/empty.yaml
-- Symlinking: /home/tanner/dev_ws/src/roomba_bot/install/roomba_bot/share/roomba_bot/config/gaz_ros2_ctl_use_sim.yaml
-- Symlinking: /home/tanner/dev_ws/src/roomba_bot/install/roomba_bot/share/roomba_bot/config/gazebo_params.yaml
-- Symlinking: /home/tanner/dev_ws/src/roomba_bot/install/roomba_bot/share/roomba_bot/config/laser_bot.rviz
-- Symlinking: /home/tanner/dev_ws/src/roomba_bot/install/roomba_bot/share/roomba_bot/config/main.rviz
-- Symlinking: /home/tanner/dev_ws/src/roomba_bot/install/roomba_bot/share/roomba_bot/config/my_controllers.yaml
-- Up-to-date symlink: /home/tanner/dev_ws/src/roomba_bot/install/roomba_bot/share/roomba_bot/config/view_bot.rviz
-- Symlinking: /home/tanner/dev_ws/src/roomba_bot/install/roomba_bot/share/roomba_bot/description/camera.xacro
-- Up-to-date symlink: /home/tanner/dev_ws/src/roomba_bot/install/roomba_bot/share/roomba_bot/description/gazebo_control.xacro
-- Up-to-date symlink: /home/tanner/dev_ws/src/roomba_bot/install/roomba_bot/share/roomba_bot/description/inertial_macros.xacro
-- Up-to-date symlink: /home/tanner/dev_ws/src/roomba_bot/install/roomba_bot/share/roomba_bot/description/lidar.xacro
-- Up-to-date symlink: /home/tanner/dev_ws/src/roomba_bot/install/roomba_bot/share/roomba_bot/description/properties.xacro
-- Up-to-date symlink: /home/tanner/dev_ws/src/roomba_bot/install/roomba_bot/share/roomba_bot/description/robot.urdf.xacro
-- Up-to-date symlink: /home/tanner/dev_ws/src/roomba_bot/install/roomba_bot/share/roomba_bot/description/robot_core.xacro
-- Symlinking: /home/tanner/dev_ws/src/roomba_bot/install/roomba_bot/share/roomba_bot/description/ros2_control.xacro
-- Symlinking: /home/tanner/dev_ws/src/roomba_bot/install/roomba_bot/share/roomba_bot/launch/launch_robot.launch.py
-- Up-to-date symlink: /home/tanner/dev_ws/src/roomba_bot/install/roomba_bot/share/roomba_bot/launch/launch_sim.launch.py
-- Up-to-date symlink: /home/tanner/dev_ws/src/roomba_bot/install/roomba_bot/share/roomba_bot/launch/rsp.launch.py
-- Up-to-date symlink: /home/tanner/dev_ws/src/roomba_bot/install/roomba_bot/share/roomba_bot/worlds/drive_bot.rviz
-- Up-to-date symlink: /home/tanner/dev_ws/src/roomba_bot/install/roomba_bot/share/roomba_bot/worlds/empty.world
-- Up-to-date symlink: /home/tanner/dev_ws/src/roomba_bot/install/roomba_bot/share/roomba_bot/worlds/obstacles.world
-- Symlinking: /home/tanner/dev_ws/src/roomba_bot/install/roomba_bot/lib/roomba_bot/esp32_cam_http.py
-- Symlinking: /home/tanner/dev_ws/src/roomba_bot/install/roomba_bot/lib/roomba_bot/midas_depth.py
-- Symlinking: /home/tanner/dev_ws/src/roomba_bot/install/roomba_bot/lib/roomba_bot/cam_to_laserscan.py
-- Symlinking: /home/tanner/dev_ws/src/roomba_bot/install/roomba_bot/lib/roomba_bot/roomba_bot_bridge.py
-- Up-to-date symlink: /home/tanner/dev_ws/src/roomba_bot/install/roomba_bot/share/ament_index/resource_index/package_run_dependencies/roomba_bot
-- Up-to-date symlink: /home/tanner/dev_ws/src/roomba_bot/install/roomba_bot/share/ament_index/resource_index/parent_prefix_path/roomba_bot
-- Up-to-date symlink: /home/tanner/dev_ws/src/roomba_bot/install/roomba_bot/share/roomba_bot/environment/ament_prefix_path.sh
-- Up-to-date symlink: /home/tanner/dev_ws/src/roomba_bot/install/roomba_bot/share/roomba_bot/environment/ament_prefix_path.dsv
-- Up-to-date symlink: /home/tanner/dev_ws/src/roomba_bot/install/roomba_bot/share/roomba_bot/environment/path.sh
-- Up-to-date symlink: /home/tanner/dev_ws/src/roomba_bot/install/roomba_bot/share/roomba_bot/environment/path.dsv
-- Up-to-date symlink: /home/tanner/dev_ws/src/roomba_bot/install/roomba_bot/share/roomba_bot/local_setup.bash
-- Up-to-date symlink: /home/tanner/dev_ws/src/roomba_bot/install/roomba_bot/share/roomba_bot/local_setup.sh
-- Up-to-date symlink: /home/tanner/dev_ws/src/roomba_bot/install/roomba_bot/share/roomba_bot/local_setup.zsh
-- Up-to-date symlink: /home/tanner/dev_ws/src/roomba_bot/install/roomba_bot/share/roomba_bot/local_setup.dsv
-- Symlinking: /home/tanner/dev_ws/src/roomba_bot/install/roomba_bot/share/roomba_bot/package.dsv
-- Up-to-date symlink: /home/tanner/dev_ws/src/roomba_bot/install/roomba_bot/share/ament_index/resource_index/packages/roomba_bot
-- Up-to-date symlink: /home/tanner/dev_ws/src/roomba_bot/install/roomba_bot/share/roomba_bot/cmake/roomba_botConfig.cmake
-- Up-to-date symlink: /home/tanner/dev_ws/src/roomba_bot/install/roomba_bot/share/roomba_bot/cmake/roomba_botConfig-version.cmake
-- Up-to-date symlink: /home/tanner/dev_ws/src/roomba_bot/install/roomba_bot/share/roomba_bot/package.xml
