[0.038s] Invoking command in '/home/tanner/dev_ws/src/roomba_bot/build/roomba_bot': CMAKE_PREFIX_PATH=${CMAKE_PREFIX_PATH}:/home/tanner/ros2_ws/install/actions_py:/home/tanner/ros2_ws/install/my_robot_controller:/opt/ros/humble /usr/bin/cmake --build /home/tanner/dev_ws/src/roomba_bot/build/roomba_bot -- -j20 -l20
[0.128s] -- Found ament_cmake: 1.3.11 (/opt/ros/humble/share/ament_cmake/cmake)
[0.470s] -- Override CMake install command with custom implementation using symlinks instead of copying resources
[0.512s] -- Found rclpy: 3.3.16 (/opt/ros/humble/share/rclpy/cmake)
[0.516s] -- Found sensor_msgs: 4.9.0 (/opt/ros/humble/share/sensor_msgs/cmake)
[0.916s] -- Found rosidl_generator_c: 3.1.6 (/opt/ros/humble/share/rosidl_generator_c/cmake)
[0.933s] -- Found rosidl_adapter: 3.1.6 (/opt/ros/humble/share/rosidl_adapter/cmake)
[0.966s] -- Found rosidl_generator_cpp: 3.1.6 (/opt/ros/humble/share/rosidl_generator_cpp/cmake)
[1.037s] -- Using all available rosidl_typesupport_c: rosidl_typesupport_fastrtps_c;rosidl_typesupport_introspection_c
[1.127s] -- Using all available rosidl_typesupport_cpp: rosidl_typesupport_fastrtps_cpp;rosidl_typesupport_introspection_cpp
[1.430s] -- Found camera_info_manager: 3.1.12 (/opt/ros/humble/share/camera_info_manager/cmake)
[1.769s] -- Found rmw_implementation_cmake: 6.1.2 (/opt/ros/humble/share/rmw_implementation_cmake/cmake)
[1.796s] -- Found rmw_cyclonedds_cpp: 1.3.4 (/opt/ros/humble/share/rmw_cyclonedds_cpp/cmake)
[2.003s] -- Using RMW implementation 'rmw_cyclonedds_cpp' as default
[2.073s] -- Looking for pthread.h
[2.728s] -- Looking for pthread.h - found
[2.730s] -- Performing Test CMAKE_HAVE_LIBC_PTHREAD
[2.977s] -- Performing Test CMAKE_HAVE_LIBC_PTHREAD - Success
[2.978s] -- Found Threads: TRUE  
[3.087s] -- Found cv_bridge: 3.2.1 (/opt/ros/humble/share/cv_bridge/cmake)
[3.116s] -- Found image_transport: 3.1.12 (/opt/ros/humble/share/image_transport/cmake)
[8.869s] -- Found OpenCV: /usr (found version "4.5.4") 
[8.872s] -- Found ament_lint_auto: 0.12.12 (/opt/ros/humble/share/ament_lint_auto/cmake)
[9.049s] -- Added test 'copyright' to check source files copyright and LICENSE
[9.188s] -- Added test 'cppcheck' to perform static code analysis on C / C++ code
[9.189s] -- Configured cppcheck include dirs: 
[9.189s] -- Configured cppcheck exclude dirs and/or files: 
[9.233s] -- Added test 'cpplint' to check C / C++ code against the Google style
[9.233s] -- Configured cpplint exclude dirs and/or files: 
[9.240s] -- Added test 'flake8' to check Python code syntax and style conventions
[9.253s] -- Added test 'lint_cmake' to check CMake code style
[9.261s] -- Added test 'pep257' to check Python code against some of the docstring style conventions in PEP 257
[9.314s] -- Added test 'uncrustify' to check C / C++ code style
[9.314s] -- Configured uncrustify additional arguments: 
[9.324s] -- Added test 'xmllint' to check XML markup files
[9.332s] -- Configuring done
[9.362s] -- Generating done
[9.378s] -- Build files have been written to: /home/tanner/dev_ws/src/roomba_bot/build/roomba_bot
[9.476s] Invoked command in '/home/tanner/dev_ws/src/roomba_bot/build/roomba_bot' returned '0': CMAKE_PREFIX_PATH=${CMAKE_PREFIX_PATH}:/home/tanner/ros2_ws/install/actions_py:/home/tanner/ros2_ws/install/my_robot_controller:/opt/ros/humble /usr/bin/cmake --build /home/tanner/dev_ws/src/roomba_bot/build/roomba_bot -- -j20 -l20
[9.508s] Invoking command in '/home/tanner/dev_ws/src/roomba_bot/build/roomba_bot': CMAKE_PREFIX_PATH=${CMAKE_PREFIX_PATH}:/home/tanner/ros2_ws/install/actions_py:/home/tanner/ros2_ws/install/my_robot_controller:/opt/ros/humble /usr/bin/cmake --install /home/tanner/dev_ws/src/roomba_bot/build/roomba_bot
[9.531s] -- Install configuration: ""
[9.533s] -- Execute custom install script
[9.534s] -- Up-to-date symlink: /home/tanner/dev_ws/src/roomba_bot/install/roomba_bot/share/roomba_bot/config/empty.yaml
[9.535s] -- Symlinking: /home/tanner/dev_ws/src/roomba_bot/install/roomba_bot/share/roomba_bot/config/gaz_ros2_ctl_use_sim.yaml
[9.565s] -- Symlinking: /home/tanner/dev_ws/src/roomba_bot/install/roomba_bot/share/roomba_bot/config/gazebo_params.yaml
[9.603s] -- Symlinking: /home/tanner/dev_ws/src/roomba_bot/install/roomba_bot/share/roomba_bot/config/laser_bot.rviz
[9.637s] -- Symlinking: /home/tanner/dev_ws/src/roomba_bot/install/roomba_bot/share/roomba_bot/config/main.rviz
[9.663s] -- Symlinking: /home/tanner/dev_ws/src/roomba_bot/install/roomba_bot/share/roomba_bot/config/my_controllers.yaml
[9.689s] -- Up-to-date symlink: /home/tanner/dev_ws/src/roomba_bot/install/roomba_bot/share/roomba_bot/config/view_bot.rviz
[9.689s] -- Symlinking: /home/tanner/dev_ws/src/roomba_bot/install/roomba_bot/share/roomba_bot/description/camera.xacro
[9.718s] -- Up-to-date symlink: /home/tanner/dev_ws/src/roomba_bot/install/roomba_bot/share/roomba_bot/description/gazebo_control.xacro
[9.719s] -- Up-to-date symlink: /home/tanner/dev_ws/src/roomba_bot/install/roomba_bot/share/roomba_bot/description/inertial_macros.xacro
[9.719s] -- Up-to-date symlink: /home/tanner/dev_ws/src/roomba_bot/install/roomba_bot/share/roomba_bot/description/lidar.xacro
[9.720s] -- Up-to-date symlink: /home/tanner/dev_ws/src/roomba_bot/install/roomba_bot/share/roomba_bot/description/properties.xacro
[9.720s] -- Up-to-date symlink: /home/tanner/dev_ws/src/roomba_bot/install/roomba_bot/share/roomba_bot/description/robot.urdf.xacro
[9.720s] -- Up-to-date symlink: /home/tanner/dev_ws/src/roomba_bot/install/roomba_bot/share/roomba_bot/description/robot_core.xacro
[9.721s] -- Symlinking: /home/tanner/dev_ws/src/roomba_bot/install/roomba_bot/share/roomba_bot/description/ros2_control.xacro
[9.751s] -- Symlinking: /home/tanner/dev_ws/src/roomba_bot/install/roomba_bot/share/roomba_bot/launch/launch_robot.launch.py
[9.778s] -- Up-to-date symlink: /home/tanner/dev_ws/src/roomba_bot/install/roomba_bot/share/roomba_bot/launch/launch_sim.launch.py
[9.778s] -- Up-to-date symlink: /home/tanner/dev_ws/src/roomba_bot/install/roomba_bot/share/roomba_bot/launch/rsp.launch.py
[9.779s] -- Up-to-date symlink: /home/tanner/dev_ws/src/roomba_bot/install/roomba_bot/share/roomba_bot/worlds/drive_bot.rviz
[9.780s] -- Up-to-date symlink: /home/tanner/dev_ws/src/roomba_bot/install/roomba_bot/share/roomba_bot/worlds/empty.world
[9.780s] -- Up-to-date symlink: /home/tanner/dev_ws/src/roomba_bot/install/roomba_bot/share/roomba_bot/worlds/obstacles.world
[9.782s] -- Symlinking: /home/tanner/dev_ws/src/roomba_bot/install/roomba_bot/lib/roomba_bot/esp32_cam_http.py
[9.818s] -- Symlinking: /home/tanner/dev_ws/src/roomba_bot/install/roomba_bot/lib/roomba_bot/midas_depth.py
[9.851s] -- Symlinking: /home/tanner/dev_ws/src/roomba_bot/install/roomba_bot/lib/roomba_bot/cam_to_laserscan.py
[9.880s] -- Symlinking: /home/tanner/dev_ws/src/roomba_bot/install/roomba_bot/lib/roomba_bot/roomba_bot_bridge.py
[9.912s] -- Up-to-date symlink: /home/tanner/dev_ws/src/roomba_bot/install/roomba_bot/share/ament_index/resource_index/package_run_dependencies/roomba_bot
[9.912s] -- Up-to-date symlink: /home/tanner/dev_ws/src/roomba_bot/install/roomba_bot/share/ament_index/resource_index/parent_prefix_path/roomba_bot
[9.912s] -- Up-to-date symlink: /home/tanner/dev_ws/src/roomba_bot/install/roomba_bot/share/roomba_bot/environment/ament_prefix_path.sh
[9.913s] -- Up-to-date symlink: /home/tanner/dev_ws/src/roomba_bot/install/roomba_bot/share/roomba_bot/environment/ament_prefix_path.dsv
[9.914s] -- Up-to-date symlink: /home/tanner/dev_ws/src/roomba_bot/install/roomba_bot/share/roomba_bot/environment/path.sh
[9.914s] -- Up-to-date symlink: /home/tanner/dev_ws/src/roomba_bot/install/roomba_bot/share/roomba_bot/environment/path.dsv
[9.915s] -- Up-to-date symlink: /home/tanner/dev_ws/src/roomba_bot/install/roomba_bot/share/roomba_bot/local_setup.bash
[9.915s] -- Up-to-date symlink: /home/tanner/dev_ws/src/roomba_bot/install/roomba_bot/share/roomba_bot/local_setup.sh
[9.916s] -- Up-to-date symlink: /home/tanner/dev_ws/src/roomba_bot/install/roomba_bot/share/roomba_bot/local_setup.zsh
[9.916s] -- Up-to-date symlink: /home/tanner/dev_ws/src/roomba_bot/install/roomba_bot/share/roomba_bot/local_setup.dsv
[9.916s] -- Symlinking: /home/tanner/dev_ws/src/roomba_bot/install/roomba_bot/share/roomba_bot/package.dsv
[9.942s] -- Up-to-date symlink: /home/tanner/dev_ws/src/roomba_bot/install/roomba_bot/share/ament_index/resource_index/packages/roomba_bot
[9.942s] -- Up-to-date symlink: /home/tanner/dev_ws/src/roomba_bot/install/roomba_bot/share/roomba_bot/cmake/roomba_botConfig.cmake
[9.943s] -- Up-to-date symlink: /home/tanner/dev_ws/src/roomba_bot/install/roomba_bot/share/roomba_bot/cmake/roomba_botConfig-version.cmake
[9.943s] -- Up-to-date symlink: /home/tanner/dev_ws/src/roomba_bot/install/roomba_bot/share/roomba_bot/package.xml
[9.951s] Invoked command in '/home/tanner/dev_ws/src/roomba_bot/build/roomba_bot' returned '0': CMAKE_PREFIX_PATH=${CMAKE_PREFIX_PATH}:/home/tanner/ros2_ws/install/actions_py:/home/tanner/ros2_ws/install/my_robot_controller:/opt/ros/humble /usr/bin/cmake --install /home/tanner/dev_ws/src/roomba_bot/build/roomba_bot
