-- Install configuration: ""
-- Execute custom install script
-- Up-to-date symlink: /home/tanner/dev_ws/src/roomba_bot/install/roomba_bot/share/roomba_bot/config/empty.yaml
-- Up-to-date symlink: /home/tanner/dev_ws/src/roomba_bot/install/roomba_bot/share/roomba_bot/config/gaz_ros2_ctl_use_sim.yaml
-- Up-to-date symlink: /home/tanner/dev_ws/src/roomba_bot/install/roomba_bot/share/roomba_bot/config/gazebo_params.yaml
-- Up-to-date symlink: /home/tanner/dev_ws/src/roomba_bot/install/roomba_bot/share/roomba_bot/config/laser_bot.rviz
-- Up-to-date symlink: /home/tanner/dev_ws/src/roomba_bot/install/roomba_bot/share/roomba_bot/config/main.rviz
-- Up-to-date symlink: /home/tanner/dev_ws/src/roomba_bot/install/roomba_bot/share/roomba_bot/config/my_controllers.yaml
-- Up-to-date symlink: /home/tanner/dev_ws/src/roomba_bot/install/roomba_bot/share/roomba_bot/config/view_bot.rviz
-- Up-to-date symlink: /home/tanner/dev_ws/src/roomba_bot/install/roomba_bot/share/roomba_bot/description/camera.xacro
-- Up-to-date symlink: /home/tanner/dev_ws/src/roomba_bot/install/roomba_bot/share/roomba_bot/description/gazebo_control.xacro
-- Up-to-date symlink: /home/tanner/dev_ws/src/roomba_bot/install/roomba_bot/share/roomba_bot/description/inertial_macros.xacro
-- Up-to-date symlink: /home/tanner/dev_ws/src/roomba_bot/install/roomba_bot/share/roomba_bot/description/lidar.xacro
-- Up-to-date symlink: /home/tanner/dev_ws/src/roomba_bot/install/roomba_bot/share/roomba_bot/description/properties.xacro
-- Up-to-date symlink: /home/tanner/dev_ws/src/roomba_bot/install/roomba_bot/share/roomba_bot/description/robot.urdf.xacro
-- Up-to-date symlink: /home/tanner/dev_ws/src/roomba_bot/install/roomba_bot/share/roomba_bot/description/robot_core.xacro
-- Up-to-date symlink: /home/tanner/dev_ws/src/roomba_bot/install/roomba_bot/share/roomba_bot/description/ros2_control.xacro
-- Up-to-date symlink: /home/tanner/dev_ws/src/roomba_bot/install/roomba_bot/share/roomba_bot/launch/launch_robot.launch.py
-- Up-to-date symlink: /home/tanner/dev_ws/src/roomba_bot/install/roomba_bot/share/roomba_bot/launch/launch_sim.launch.py
-- Up-to-date symlink: /home/tanner/dev_ws/src/roomba_bot/install/roomba_bot/share/roomba_bot/launch/rsp.launch.py
-- Up-to-date symlink: /home/tanner/dev_ws/src/roomba_bot/install/roomba_bot/share/roomba_bot/worlds/drive_bot.rviz
-- Up-to-date symlink: /home/tanner/dev_ws/src/roomba_bot/install/roomba_bot/share/roomba_bot/worlds/empty.world
-- Up-to-date symlink: /home/tanner/dev_ws/src/roomba_bot/install/roomba_bot/share/roomba_bot/worlds/obstacles.world
-- Up-to-date symlink: /home/tanner/dev_ws/src/roomba_bot/install/roomba_bot/lib/roomba_bot/esp32_cam_http.py
-- Up-to-date symlink: /home/tanner/dev_ws/src/roomba_bot/install/roomba_bot/lib/roomba_bot/midas_depth.py
-- Up-to-date symlink: /home/tanner/dev_ws/src/roomba_bot/install/roomba_bot/lib/roomba_bot/cam_to_laserscan.py
-- Up-to-date symlink: /home/tanner/dev_ws/src/roomba_bot/install/roomba_bot/lib/roomba_bot/roomba_bot_bridge.py
-- Up-to-date symlink: /home/tanner/dev_ws/src/roomba_bot/install/roomba_bot/share/ament_index/resource_index/package_run_dependencies/roomba_bot
-- Up-to-date symlink: /home/tanner/dev_ws/src/roomba_bot/install/roomba_bot/share/ament_index/resource_index/parent_prefix_path/roomba_bot
-- Up-to-date symlink: /home/tanner/dev_ws/src/roomba_bot/install/roomba_bot/share/roomba_bot/environment/ament_prefix_path.sh
-- Up-to-date symlink: /home/tanner/dev_ws/src/roomba_bot/install/roomba_bot/share/roomba_bot/environment/ament_prefix_path.dsv
-- Up-to-date symlink: /home/tanner/dev_ws/src/roomba_bot/install/roomba_bot/share/roomba_bot/environment/path.sh
-- Up-to-date symlink: /home/tanner/dev_ws/src/roomba_bot/install/roomba_bot/share/roomba_bot/environment/path.dsv
-- Up-to-date symlink: /home/tanner/dev_ws/src/roomba_bot/install/roomba_bot/share/roomba_bot/local_setup.bash
-- Up-to-date symlink: /home/tanner/dev_ws/src/roomba_bot/install/roomba_bot/share/roomba_bot/local_setup.sh
-- Up-to-date symlink: /home/tanner/dev_ws/src/roomba_bot/install/roomba_bot/share/roomba_bot/local_setup.zsh
-- Up-to-date symlink: /home/tanner/dev_ws/src/roomba_bot/install/roomba_bot/share/roomba_bot/local_setup.dsv
-- Symlinking: /home/tanner/dev_ws/src/roomba_bot/install/roomba_bot/share/roomba_bot/package.dsv
-- Up-to-date symlink: /home/tanner/dev_ws/src/roomba_bot/install/roomba_bot/share/ament_index/resource_index/packages/roomba_bot
-- Up-to-date symlink: /home/tanner/dev_ws/src/roomba_bot/install/roomba_bot/share/roomba_bot/cmake/roomba_botConfig.cmake
-- Up-to-date symlink: /home/tanner/dev_ws/src/roomba_bot/install/roomba_bot/share/roomba_bot/cmake/roomba_botConfig-version.cmake
-- Up-to-date symlink: /home/tanner/dev_ws/src/roomba_bot/install/roomba_bot/share/roomba_bot/package.xml
