[0.320s] [34mcolcon[0m [1;30mDEBUG[0m [32mCommand line arguments: ['/usr/bin/colcon', 'build', '--symlink-install'][0m
[0.320s] [34mcolcon[0m [1;30mDEBUG[0m [32mParsed command line arguments: Namespace(log_base=None, log_level=None, verb_name='build', build_base='build', install_base='install', merge_install=False, symlink_install=True, test_result_base=None, continue_on_error=False, executor='parallel', parallel_workers=20, event_handlers=None, ignore_user_meta=False, metas=['./colcon.meta'], base_paths=['.'], packages_ignore=None, packages_ignore_regex=None, paths=None, packages_up_to=None, packages_up_to_regex=None, packages_above=None, packages_above_and_dependencies=None, packages_above_depth=None, packages_select_by_dep=None, packages_skip_by_dep=None, packages_skip_up_to=None, packages_select_build_failed=False, packages_skip_build_finished=False, packages_select_test_failures=False, packages_skip_test_passed=False, packages_select=None, packages_skip=None, packages_select_regex=None, packages_skip_regex=None, packages_start=None, packages_end=None, allow_overriding=[], cmake_args=None, cmake_target=None, cmake_target_skip_unavailable=False, cmake_clean_cache=False, cmake_clean_first=False, cmake_force_configure=False, ament_cmake_args=None, catkin_cmake_args=None, catkin_skip_building_tests=False, verb_parser=<colcon_defaults.argument_parser.defaults.DefaultArgumentsDecorator object at 0x77f9ed803430>, verb_extension=<colcon_core.verb.build.BuildVerb object at 0x77f9ed802ec0>, main=<bound method BuildVerb.main of <colcon_core.verb.build.BuildVerb object at 0x77f9ed802ec0>>)[0m
[0.521s] [34mcolcon.colcon_core.package_discovery[0m [1;30mLevel 1[0m discover_packages(colcon_meta) check parameters
[0.521s] [34mcolcon.colcon_core.package_discovery[0m [1;30mLevel 1[0m discover_packages(recursive) check parameters
[0.521s] [34mcolcon.colcon_core.package_discovery[0m [1;30mLevel 1[0m discover_packages(ignore) check parameters
[0.521s] [34mcolcon.colcon_core.package_discovery[0m [1;30mLevel 1[0m discover_packages(path) check parameters
[0.521s] [34mcolcon.colcon_core.package_discovery[0m [1;30mLevel 1[0m discover_packages(colcon_meta) discover
[0.521s] [34mcolcon.colcon_core.package_discovery[0m [1;30mLevel 1[0m discover_packages(recursive) discover
[0.521s] [34mcolcon.colcon_core.package_discovery[0m [1;30mINFO[0m Crawling recursively for packages in '/home/tanner/dev_ws/src/roomba_bot'
[0.521s] [34mcolcon.colcon_core.package_identification[0m [1;30mLevel 1[0m _identify(.) by extensions ['ignore', 'ignore_ament_install']
[0.521s] [34mcolcon.colcon_core.package_identification[0m [1;30mLevel 1[0m _identify(.) by extension 'ignore'
[0.521s] [34mcolcon.colcon_core.package_identification[0m [1;30mLevel 1[0m _identify(.) by extension 'ignore_ament_install'
[0.521s] [34mcolcon.colcon_core.package_identification[0m [1;30mLevel 1[0m _identify(.) by extensions ['colcon_pkg']
[0.521s] [34mcolcon.colcon_core.package_identification[0m [1;30mLevel 1[0m _identify(.) by extension 'colcon_pkg'
[0.522s] [34mcolcon.colcon_core.package_identification[0m [1;30mLevel 1[0m _identify(.) by extensions ['colcon_meta']
[0.522s] [34mcolcon.colcon_core.package_identification[0m [1;30mLevel 1[0m _identify(.) by extension 'colcon_meta'
[0.522s] [34mcolcon.colcon_core.package_identification[0m [1;30mLevel 1[0m _identify(.) by extensions ['ros']
[0.522s] [34mcolcon.colcon_core.package_identification[0m [1;30mLevel 1[0m _identify(.) by extension 'ros'
[0.539s] [34mcolcon.colcon_core.package_identification[0m [1;30mDEBUG[0m [32mPackage '.' with type 'ros.ament_cmake' and name 'roomba_bot'[0m
[0.539s] [34mcolcon.colcon_core.package_discovery[0m [1;30mLevel 1[0m discover_packages(recursive) using defaults
[0.539s] [34mcolcon.colcon_core.package_discovery[0m [1;30mLevel 1[0m discover_packages(ignore) discover
[0.539s] [34mcolcon.colcon_core.package_discovery[0m [1;30mLevel 1[0m discover_packages(ignore) using defaults
[0.539s] [34mcolcon.colcon_core.package_discovery[0m [1;30mLevel 1[0m discover_packages(path) discover
[0.539s] [34mcolcon.colcon_core.package_discovery[0m [1;30mLevel 1[0m discover_packages(path) using defaults
[0.570s] [34mcolcon.colcon_core.package_discovery[0m [1;30mLevel 1[0m discover_packages(prefix_path) check parameters
[0.570s] [34mcolcon.colcon_core.package_discovery[0m [1;30mLevel 1[0m discover_packages(prefix_path) discover
[0.573s] [34mcolcon.colcon_installed_package_information.package_discovery[0m [1;30mDEBUG[0m [32mFound 1 installed packages in /home/tanner/dev_ws/install[0m
[0.573s] [34mcolcon.colcon_installed_package_information.package_discovery[0m [1;30mDEBUG[0m [32mFound 3 installed packages in /home/tanner/ros2_ws/install[0m
[0.575s] [34mcolcon.colcon_installed_package_information.package_discovery[0m [1;30mDEBUG[0m [32mFound 433 installed packages in /opt/ros/humble[0m
[0.578s] [34mcolcon.colcon_core.package_discovery[0m [1;30mLevel 1[0m discover_packages(prefix_path) using defaults
[0.653s] [34mcolcon.colcon_core.verb[0m [1;30mLevel 5[0m set package 'roomba_bot' build argument 'cmake_args' from command line to 'None'
[0.653s] [34mcolcon.colcon_core.verb[0m [1;30mLevel 5[0m set package 'roomba_bot' build argument 'cmake_target' from command line to 'None'
[0.653s] [34mcolcon.colcon_core.verb[0m [1;30mLevel 5[0m set package 'roomba_bot' build argument 'cmake_target_skip_unavailable' from command line to 'False'
[0.653s] [34mcolcon.colcon_core.verb[0m [1;30mLevel 5[0m set package 'roomba_bot' build argument 'cmake_clean_cache' from command line to 'False'
[0.653s] [34mcolcon.colcon_core.verb[0m [1;30mLevel 5[0m set package 'roomba_bot' build argument 'cmake_clean_first' from command line to 'False'
[0.653s] [34mcolcon.colcon_core.verb[0m [1;30mLevel 5[0m set package 'roomba_bot' build argument 'cmake_force_configure' from command line to 'False'
[0.653s] [34mcolcon.colcon_core.verb[0m [1;30mLevel 5[0m set package 'roomba_bot' build argument 'ament_cmake_args' from command line to 'None'
[0.653s] [34mcolcon.colcon_core.verb[0m [1;30mLevel 5[0m set package 'roomba_bot' build argument 'catkin_cmake_args' from command line to 'None'
[0.654s] [34mcolcon.colcon_core.verb[0m [1;30mLevel 5[0m set package 'roomba_bot' build argument 'catkin_skip_building_tests' from command line to 'False'
[0.654s] [34mcolcon.colcon_core.verb[0m [1;30mDEBUG[0m [32mBuilding package 'roomba_bot' with the following arguments: {'ament_cmake_args': None, 'build_base': '/home/tanner/dev_ws/src/roomba_bot/build/roomba_bot', 'catkin_cmake_args': None, 'catkin_skip_building_tests': False, 'cmake_args': None, 'cmake_clean_cache': False, 'cmake_clean_first': False, 'cmake_force_configure': False, 'cmake_target': None, 'cmake_target_skip_unavailable': False, 'install_base': '/home/tanner/dev_ws/src/roomba_bot/install/roomba_bot', 'merge_install': False, 'path': '/home/tanner/dev_ws/src/roomba_bot', 'symlink_install': True, 'test_result_base': None}[0m
[0.654s] [34mcolcon.colcon_core.executor[0m [1;30mINFO[0m Executing jobs using 'parallel' executor
[0.655s] [34mcolcon.colcon_parallel_executor.executor.parallel[0m [1;30mDEBUG[0m [32mrun_until_complete[0m
[0.656s] [34mcolcon.colcon_ros.task.ament_cmake.build[0m [1;30mINFO[0m Building ROS package in '/home/tanner/dev_ws/src/roomba_bot' with build type 'ament_cmake'
[0.656s] [34mcolcon.colcon_cmake.task.cmake.build[0m [1;30mINFO[0m Building CMake package in '/home/tanner/dev_ws/src/roomba_bot'
[0.660s] [34mcolcon.colcon_core.plugin_system[0m [1;30mINFO[0m Skipping extension 'colcon_core.shell.bat': Not used on non-Windows systems
[0.660s] [34mcolcon.colcon_core.shell[0m [1;30mINFO[0m Skip shell extension 'powershell' for command environment: Not usable outside of PowerShell
[0.660s] [34mcolcon.colcon_core.shell[0m [1;30mDEBUG[0m [32mSkip shell extension 'dsv' for command environment[0m
[0.677s] [34mcolcon.colcon_core.event_handler.log_command[0m [1;30mDEBUG[0m [32mInvoking command in '/home/tanner/dev_ws/src/roomba_bot/build/roomba_bot': CMAKE_PREFIX_PATH=${CMAKE_PREFIX_PATH}:/home/tanner/ros2_ws/install/actions_py:/home/tanner/ros2_ws/install/my_robot_controller:/opt/ros/humble /usr/bin/cmake --build /home/tanner/dev_ws/src/roomba_bot/build/roomba_bot -- -j20 -l20[0m
[0.740s] [34mcolcon.colcon_core.event_handler.log_command[0m [1;30mDEBUG[0m [32mInvoked command in '/home/tanner/dev_ws/src/roomba_bot/build/roomba_bot' returned '0': CMAKE_PREFIX_PATH=${CMAKE_PREFIX_PATH}:/home/tanner/ros2_ws/install/actions_py:/home/tanner/ros2_ws/install/my_robot_controller:/opt/ros/humble /usr/bin/cmake --build /home/tanner/dev_ws/src/roomba_bot/build/roomba_bot -- -j20 -l20[0m
[0.755s] [34mcolcon.colcon_core.event_handler.log_command[0m [1;30mDEBUG[0m [32mInvoking command in '/home/tanner/dev_ws/src/roomba_bot/build/roomba_bot': CMAKE_PREFIX_PATH=${CMAKE_PREFIX_PATH}:/home/tanner/ros2_ws/install/actions_py:/home/tanner/ros2_ws/install/my_robot_controller:/opt/ros/humble /usr/bin/cmake --install /home/tanner/dev_ws/src/roomba_bot/build/roomba_bot[0m
[0.789s] [34mcolcon.colcon_core.environment[0m [1;30mLevel 1[0m create_environment_scripts_only(roomba_bot)
[0.791s] [34mcolcon.colcon_core.event_handler.log_command[0m [1;30mDEBUG[0m [32mInvoked command in '/home/tanner/dev_ws/src/roomba_bot/build/roomba_bot' returned '0': CMAKE_PREFIX_PATH=${CMAKE_PREFIX_PATH}:/home/tanner/ros2_ws/install/actions_py:/home/tanner/ros2_ws/install/my_robot_controller:/opt/ros/humble /usr/bin/cmake --install /home/tanner/dev_ws/src/roomba_bot/build/roomba_bot[0m
[0.794s] [34mcolcon.colcon_core.environment[0m [1;30mLevel 1[0m checking '/home/tanner/dev_ws/src/roomba_bot/install/roomba_bot' for CMake module files
[0.795s] [34mcolcon.colcon_core.environment[0m [1;30mLevel 1[0m checking '/home/tanner/dev_ws/src/roomba_bot/install/roomba_bot' for CMake config files
[0.795s] [34mcolcon.colcon_core.shell[0m [1;30mLevel 1[0m create_environment_hook('roomba_bot', 'cmake_prefix_path')
[0.796s] [34mcolcon.colcon_core.shell[0m [1;30mINFO[0m Creating environment hook '/home/tanner/dev_ws/src/roomba_bot/install/roomba_bot/share/roomba_bot/hook/cmake_prefix_path.ps1'
[0.797s] [34mcolcon.colcon_core.shell[0m [1;30mINFO[0m Creating environment descriptor '/home/tanner/dev_ws/src/roomba_bot/install/roomba_bot/share/roomba_bot/hook/cmake_prefix_path.dsv'
[0.797s] [34mcolcon.colcon_core.shell[0m [1;30mINFO[0m Creating environment hook '/home/tanner/dev_ws/src/roomba_bot/install/roomba_bot/share/roomba_bot/hook/cmake_prefix_path.sh'
[0.799s] [34mcolcon.colcon_core.environment[0m [1;30mLevel 1[0m checking '/home/tanner/dev_ws/src/roomba_bot/install/roomba_bot/lib'
[0.800s] [34mcolcon.colcon_core.environment[0m [1;30mLevel 1[0m checking '/home/tanner/dev_ws/src/roomba_bot/install/roomba_bot/bin'
[0.800s] [34mcolcon.colcon_core.environment[0m [1;30mLevel 1[0m checking '/home/tanner/dev_ws/src/roomba_bot/install/roomba_bot/lib/pkgconfig/roomba_bot.pc'
[0.800s] [34mcolcon.colcon_core.environment[0m [1;30mLevel 1[0m checking '/home/tanner/dev_ws/src/roomba_bot/install/roomba_bot/lib/python3.10/site-packages'
[0.800s] [34mcolcon.colcon_core.environment[0m [1;30mLevel 1[0m checking '/home/tanner/dev_ws/src/roomba_bot/install/roomba_bot/bin'
[0.801s] [34mcolcon.colcon_core.shell[0m [1;30mINFO[0m Creating package script '/home/tanner/dev_ws/src/roomba_bot/install/roomba_bot/share/roomba_bot/package.ps1'
[0.802s] [34mcolcon.colcon_core.shell[0m [1;30mINFO[0m Creating package descriptor '/home/tanner/dev_ws/src/roomba_bot/install/roomba_bot/share/roomba_bot/package.dsv'
[0.803s] [34mcolcon.colcon_core.shell[0m [1;30mINFO[0m Creating package script '/home/tanner/dev_ws/src/roomba_bot/install/roomba_bot/share/roomba_bot/package.sh'
[0.805s] [34mcolcon.colcon_core.shell[0m [1;30mINFO[0m Creating package script '/home/tanner/dev_ws/src/roomba_bot/install/roomba_bot/share/roomba_bot/package.bash'
[0.806s] [34mcolcon.colcon_core.shell[0m [1;30mINFO[0m Creating package script '/home/tanner/dev_ws/src/roomba_bot/install/roomba_bot/share/roomba_bot/package.zsh'
[0.807s] [34mcolcon.colcon_core.environment[0m [1;30mLevel 1[0m create_file_with_runtime_dependencies(/home/tanner/dev_ws/src/roomba_bot/install/roomba_bot/share/colcon-core/packages/roomba_bot)
[0.808s] [34mcolcon.colcon_core.environment[0m [1;30mLevel 1[0m create_environment_scripts_only(roomba_bot)
[0.809s] [34mcolcon.colcon_core.environment[0m [1;30mLevel 1[0m checking '/home/tanner/dev_ws/src/roomba_bot/install/roomba_bot' for CMake module files
[0.809s] [34mcolcon.colcon_core.environment[0m [1;30mLevel 1[0m checking '/home/tanner/dev_ws/src/roomba_bot/install/roomba_bot' for CMake config files
[0.810s] [34mcolcon.colcon_core.shell[0m [1;30mLevel 1[0m create_environment_hook('roomba_bot', 'cmake_prefix_path')
[0.810s] [34mcolcon.colcon_core.shell[0m [1;30mINFO[0m Creating environment hook '/home/tanner/dev_ws/src/roomba_bot/install/roomba_bot/share/roomba_bot/hook/cmake_prefix_path.ps1'
[0.811s] [34mcolcon.colcon_core.shell[0m [1;30mINFO[0m Creating environment descriptor '/home/tanner/dev_ws/src/roomba_bot/install/roomba_bot/share/roomba_bot/hook/cmake_prefix_path.dsv'
[0.811s] [34mcolcon.colcon_core.shell[0m [1;30mINFO[0m Creating environment hook '/home/tanner/dev_ws/src/roomba_bot/install/roomba_bot/share/roomba_bot/hook/cmake_prefix_path.sh'
[0.812s] [34mcolcon.colcon_core.environment[0m [1;30mLevel 1[0m checking '/home/tanner/dev_ws/src/roomba_bot/install/roomba_bot/lib'
[0.813s] [34mcolcon.colcon_core.environment[0m [1;30mLevel 1[0m checking '/home/tanner/dev_ws/src/roomba_bot/install/roomba_bot/bin'
[0.813s] [34mcolcon.colcon_core.environment[0m [1;30mLevel 1[0m checking '/home/tanner/dev_ws/src/roomba_bot/install/roomba_bot/lib/pkgconfig/roomba_bot.pc'
[0.813s] [34mcolcon.colcon_core.environment[0m [1;30mLevel 1[0m checking '/home/tanner/dev_ws/src/roomba_bot/install/roomba_bot/lib/python3.10/site-packages'
[0.813s] [34mcolcon.colcon_core.environment[0m [1;30mLevel 1[0m checking '/home/tanner/dev_ws/src/roomba_bot/install/roomba_bot/bin'
[0.814s] [34mcolcon.colcon_core.shell[0m [1;30mINFO[0m Creating package script '/home/tanner/dev_ws/src/roomba_bot/install/roomba_bot/share/roomba_bot/package.ps1'
[0.815s] [34mcolcon.colcon_core.shell[0m [1;30mINFO[0m Creating package descriptor '/home/tanner/dev_ws/src/roomba_bot/install/roomba_bot/share/roomba_bot/package.dsv'
[0.815s] [34mcolcon.colcon_core.shell[0m [1;30mINFO[0m Creating package script '/home/tanner/dev_ws/src/roomba_bot/install/roomba_bot/share/roomba_bot/package.sh'
[0.817s] [34mcolcon.colcon_core.shell[0m [1;30mINFO[0m Creating package script '/home/tanner/dev_ws/src/roomba_bot/install/roomba_bot/share/roomba_bot/package.bash'
[0.818s] [34mcolcon.colcon_core.shell[0m [1;30mINFO[0m Creating package script '/home/tanner/dev_ws/src/roomba_bot/install/roomba_bot/share/roomba_bot/package.zsh'
[0.820s] [34mcolcon.colcon_core.environment[0m [1;30mLevel 1[0m create_file_with_runtime_dependencies(/home/tanner/dev_ws/src/roomba_bot/install/roomba_bot/share/colcon-core/packages/roomba_bot)
[0.820s] [34mcolcon.colcon_parallel_executor.executor.parallel[0m [1;30mDEBUG[0m [32mclosing loop[0m
[0.821s] [34mcolcon.colcon_parallel_executor.executor.parallel[0m [1;30mDEBUG[0m [32mloop closed[0m
[0.821s] [34mcolcon.colcon_parallel_executor.executor.parallel[0m [1;30mDEBUG[0m [32mrun_until_complete finished with '0'[0m
[0.822s] [34mcolcon.colcon_core.event_reactor[0m [1;30mDEBUG[0m [32mjoining thread[0m
[0.951s] [34mcolcon.colcon_core.plugin_system[0m [1;30mINFO[0m Skipping extension 'colcon_notification.desktop_notification.notify_send': Could not find 'notify-send'
[0.952s] [34mcolcon.colcon_core.plugin_system[0m [1;30mINFO[0m Skipping extension 'colcon_notification.desktop_notification.terminal_notifier': Not used on non-Darwin systems
[0.952s] [34mcolcon.colcon_core.plugin_system[0m [1;30mINFO[0m Skipping extension 'colcon_notification.desktop_notification.win32': Not used on non-Windows systems
[0.952s] [34mcolcon.colcon_notification.desktop_notification[0m [1;30mINFO[0m Sending desktop notification using 'notify2'
[0.955s] [34mcolcon.colcon_notification.desktop_notification.notify2[0m [1;30mDEBUG[0m [32mFailed to initialize notify2: org.freedesktop.DBus.Error.ServiceUnknown: The name org.freedesktop.Notifications was not provided by any .service files[0m
[0.956s] [34mcolcon.colcon_core.event_reactor[0m [1;30mDEBUG[0m [32mjoined thread[0m
[0.956s] [34mcolcon.colcon_core.shell[0m [1;30mINFO[0m Creating prefix script '/home/tanner/dev_ws/src/roomba_bot/install/local_setup.ps1'
[0.958s] [34mcolcon.colcon_core.shell[0m [1;30mINFO[0m Creating prefix util module '/home/tanner/dev_ws/src/roomba_bot/install/_local_setup_util_ps1.py'
[0.961s] [34mcolcon.colcon_core.shell[0m [1;30mINFO[0m Creating prefix chain script '/home/tanner/dev_ws/src/roomba_bot/install/setup.ps1'
[0.963s] [34mcolcon.colcon_core.shell[0m [1;30mINFO[0m Creating prefix script '/home/tanner/dev_ws/src/roomba_bot/install/local_setup.sh'
[0.964s] [34mcolcon.colcon_core.shell[0m [1;30mINFO[0m Creating prefix util module '/home/tanner/dev_ws/src/roomba_bot/install/_local_setup_util_sh.py'
[0.965s] [34mcolcon.colcon_core.shell[0m [1;30mINFO[0m Creating prefix chain script '/home/tanner/dev_ws/src/roomba_bot/install/setup.sh'
[0.967s] [34mcolcon.colcon_core.shell[0m [1;30mINFO[0m Creating prefix script '/home/tanner/dev_ws/src/roomba_bot/install/local_setup.bash'
[0.968s] [34mcolcon.colcon_core.shell[0m [1;30mINFO[0m Creating prefix chain script '/home/tanner/dev_ws/src/roomba_bot/install/setup.bash'
[0.972s] [34mcolcon.colcon_core.shell[0m [1;30mINFO[0m Creating prefix script '/home/tanner/dev_ws/src/roomba_bot/install/local_setup.zsh'
[0.973s] [34mcolcon.colcon_core.shell[0m [1;30mINFO[0m Creating prefix chain script '/home/tanner/dev_ws/src/roomba_bot/install/setup.zsh'
